f:\学习资料\计算机网络\lab1-2018(win+linux)\lab1-2018(win+linux)\lab1-windows-vs2017\debug\vc142.pdb
f:\学习资料\计算机网络\lab1-2018(win+linux)\lab1-2018(win+linux)\lab1-windows-vs2017\debug\vc142.idb
f:\学习资料\计算机网络\lab1-2018(win+linux)\lab1-2018(win+linux)\lab1-windows-vs2017\debug\protocol.obj
f:\学习资料\计算机网络\lab1-2018(win+linux)\lab1-2018(win+linux)\lab1-windows-vs2017\debug\lprintf.obj
f:\学习资料\计算机网络\lab1-2018(win+linux)\lab1-2018(win+linux)\lab1-windows-vs2017\debug\getopt.obj
f:\学习资料\计算机网络\lab1-2018(win+linux)\lab1-2018(win+linux)\lab1-windows-vs2017\debug\datalink.obj
f:\学习资料\计算机网络\lab1-2018(win+linux)\lab1-2018(win+linux)\lab1-windows-vs2017\debug\crc32.obj
f:\学习资料\计算机网络\lab1-2018(win+linux)\lab1-2018(win+linux)\lab1-windows-vs2017\debug\datalink_stopwait.obj
f:\学习资料\计算机网络\lab1-2018(win+linux)\lab1-2018(win+linux)\lab1-windows-vs2017\debug\datalink1.obj
f:\学习资料\计算机网络\lab1-2018(win+linux)\lab1-2018(win+linux)\lab1-windows-vs2017\debug\datalink.exe
f:\学习资料\计算机网络\lab1-2018(win+linux)\lab1-2018(win+linux)\lab1-windows-vs2017\debug\datalink.ilk
f:\学习资料\计算机网络\lab1-2018(win+linux)\lab1-2018(win+linux)\lab1-windows-vs2017\debug\datalink.pdb
f:\学习资料\计算机网络\lab1-2018(win+linux)\lab1-2018(win+linux)\lab1-windows-vs2017\debug\datalink_go_back_n.obj
f:\学习资料\计算机网络\lab1-2018(win+linux)\lab1-2018(win+linux)\lab1-windows-vs2017\debug\datalink.tlog\cl.command.1.tlog
f:\学习资料\计算机网络\lab1-2018(win+linux)\lab1-2018(win+linux)\lab1-windows-vs2017\debug\datalink.tlog\cl.read.1.tlog
f:\学习资料\计算机网络\lab1-2018(win+linux)\lab1-2018(win+linux)\lab1-windows-vs2017\debug\datalink.tlog\cl.write.1.tlog
f:\学习资料\计算机网络\lab1-2018(win+linux)\lab1-2018(win+linux)\lab1-windows-vs2017\debug\datalink.tlog\link.8800-cvtres.read.1.tlog
f:\学习资料\计算机网络\lab1-2018(win+linux)\lab1-2018(win+linux)\lab1-windows-vs2017\debug\datalink.tlog\link.8800-cvtres.write.1.tlog
f:\学习资料\计算机网络\lab1-2018(win+linux)\lab1-2018(win+linux)\lab1-windows-vs2017\debug\datalink.tlog\link.8800-rc.read.1.tlog
f:\学习资料\计算机网络\lab1-2018(win+linux)\lab1-2018(win+linux)\lab1-windows-vs2017\debug\datalink.tlog\link.8800-rc.write.1.tlog
f:\学习资料\计算机网络\lab1-2018(win+linux)\lab1-2018(win+linux)\lab1-windows-vs2017\debug\datalink.tlog\link.8800.read.1.tlog
f:\学习资料\计算机网络\lab1-2018(win+linux)\lab1-2018(win+linux)\lab1-windows-vs2017\debug\datalink.tlog\link.8800.write.1.tlog
f:\学习资料\计算机网络\lab1-2018(win+linux)\lab1-2018(win+linux)\lab1-windows-vs2017\debug\datalink.tlog\link.command.1.tlog
f:\学习资料\计算机网络\lab1-2018(win+linux)\lab1-2018(win+linux)\lab1-windows-vs2017\debug\datalink.tlog\link.read.1.tlog
f:\学习资料\计算机网络\lab1-2018(win+linux)\lab1-2018(win+linux)\lab1-windows-vs2017\debug\datalink.tlog\link.write.1.tlog
