000.000 =============================================================
000.000                     Station B                               
000.000 -------------------------------------------------------------
000.000 Protocol.lib, version 4.0, jiangyanjun0718@bupt.edu.cn
000.000 Channel: 8000 bps, 270 ms propagation delay, bit error rate 1.0E-05
000.000 Log file "F:\学习资料\计算机网络\Lab1-2018(Win+Linux)\Lab1-2018(Win+Linux)\Lab1-Windows-VS2017\Debug\datalink-B.log", TCP port 59144, debug mask 0x03
000.000 Station B is connecting station A (TCP port 59144) ... Done.
000.182 New epoch: Wed May  8 13:41:36 2019
000.182 =================================================================
000.182 
000.183 Designed by Jiang Yanjun, build: May  7 2019  20:55:19
000.740 Recv DATA 0 31, ID 10000
000.995 Recv DATA 1 31, ID 10001
001.012 ---- ACK 128 timeout
001.012 Send ACK  1
001.045 Send DATA 0 1, ID 20000
001.269 Recv DATA 2 31, ID 10002
001.271 Send DATA 1 2, ID 20001
001.543 Recv DATA 3 31, ID 10003
001.544 Send DATA 2 3, ID 20002
001.798 Recv DATA 4 31, ID 10004
001.799 Send DATA 3 4, ID 20003
002.071 Recv DATA 5 31, ID 10005
002.072 Send DATA 4 5, ID 20004
002.313 Recv DATA 6 0, ID 10006
002.330 Send DATA 1 6, ID 20001
002.330 Recv NAK  0
002.586 Recv DATA 7 0, ID 10007
002.587 .... 8 packets received, 7743 bps, 96.79%, Err 0 (0.0e+00)
002.589 Send DATA 5 7, ID 20005
002.861 Recv DATA 8 0, ID 10008
002.862 Send DATA 6 8, ID 20006
003.117 Recv DATA 9 0, ID 10009
003.118 Send DATA 7 9, ID 20007
003.391 Recv DATA 10 0, ID 10010
003.392 Send DATA 8 10, ID 20008
003.648 Recv DATA 11 4, ID 10011
003.650 Send DATA 9 11, ID 20009
003.905 Recv DATA 12 5, ID 10012
003.923 Send DATA 10 12, ID 20010
004.178 Recv DATA 13 6, ID 10013
004.179 Send DATA 11 13, ID 20011
004.435 Recv DATA 14 7, ID 10014
004.452 Send DATA 12 14, ID 20012
004.708 Recv DATA 15 8, ID 10015
004.709 .... 16 packets received, 7732 bps, 96.65%, Err 0 (0.0e+00)
004.711 Send DATA 13 15, ID 20013
004.965 Recv DATA 16 9, ID 10016
004.966 Send DATA 14 16, ID 20014
005.238 Recv DATA 17 10, ID 10017
005.239 Send DATA 15 17, ID 20015
005.495 Recv DATA 18 11, ID 10018
005.496 Send DATA 16 18, ID 20016
005.768 Recv DATA 19 12, ID 10019
005.769 Send DATA 17 19, ID 20017
006.024 Recv DATA 20 13, ID 10020
006.025 Send DATA 18 20, ID 20018
006.298 Recv DATA 21 14, ID 10021
006.299 Send DATA 19 21, ID 20019
006.554 Recv DATA 22 15, ID 10022
006.555 Send DATA 20 22, ID 20020
006.825 Recv DATA 23 16, ID 10023
006.826 .... 24 packets received, 7734 bps, 96.68%, Err 0 (0.0e+00)
006.828 Send DATA 21 23, ID 20021
007.070 Recv DATA 24 17, ID 10024
007.086 Send DATA 22 24, ID 20022
007.342 Recv DATA 25 18, ID 10025
007.343 Send DATA 23 25, ID 20023
007.605 Recv DATA 26 19, ID 10026
007.605 Send DATA 24 26, ID 20024
007.861 Recv DATA 27 20, ID 10027
007.878 Send DATA 25 27, ID 20025
008.134 Recv DATA 28 21, ID 10028
008.135 Send DATA 26 28, ID 20026
008.391 Recv DATA 29 22, ID 10029
008.408 Send DATA 27 29, ID 20027
008.664 Recv DATA 30 23, ID 10030
008.666 Send DATA 28 30, ID 20028
008.924 Recv DATA 31 24, ID 10031
008.925 .... 32 packets received, 7752 bps, 96.90%, Err 0 (0.0e+00)
008.927 Send DATA 29 31, ID 20029
009.198 Recv DATA 0 25, ID 10032
009.200 Send DATA 30 0, ID 20030
009.456 Recv DATA 1 26, ID 10033
009.457 Send DATA 31 1, ID 20031
009.714 Recv DATA 2 27, ID 10034
009.732 Send DATA 0 2, ID 20032
009.987 Recv DATA 3 28, ID 10035
009.988 Send DATA 1 3, ID 20033
010.245 Recv DATA 4 29, ID 10036
010.246 Send DATA 2 4, ID 20034
010.518 Recv DATA 5 30, ID 10037
010.519 Send DATA 3 5, ID 20035
010.776 Recv DATA 6 31, ID 10038
010.777 Send DATA 4 6, ID 20036
011.049 Recv DATA 7 0, ID 10039
011.050 .... 40 packets received, 7744 bps, 96.80%, Err 0 (0.0e+00)
011.053 Send DATA 5 7, ID 20037
011.308 Recv DATA 8 1, ID 10040
011.310 Send DATA 6 8, ID 20038
011.580 Recv DATA 9 2, ID 10041
011.581 Send DATA 7 9, ID 20039
011.821 **** Receiver Error, Bad CRC Checksum
011.822 Send NAK with ACK 9
011.839 Send DATA 8 9, ID 20040
012.095 Recv DATA 11 4, ID 10043
012.112 Send DATA 9 9, ID 20041
012.351 Recv DATA 12 5, ID 10044
012.368 Send DATA 10 9, ID 20042
012.609 **** Receiver Error, Bad CRC Checksum
012.642 Send DATA 11 9, ID 20043
012.882 Recv DATA 10 7, ID 10042
012.899 Send DATA 12 12, ID 20044
013.139 Send NAK with ACK 12
013.139 Recv DATA 14 8, ID 10046
013.173 Send DATA 13 12, ID 20045
013.413 Recv DATA 15 9, ID 10047
013.430 Send DATA 14 12, ID 20046
013.670 Recv DATA 16 10, ID 10048
013.703 Send DATA 15 12, ID 20047
013.944 Recv DATA 17 11, ID 10049
013.960 Send DATA 16 12, ID 20048
014.198 Recv DATA 13 12, ID 10045
014.199 .... 46 packets received, 6862 bps, 85.78%, Err 2 (1.8e-05)
014.232 Send DATA 17 17, ID 20049
014.471 Recv DATA 18 13, ID 10050
014.488 Send DATA 18 18, ID 20050
014.744 Recv DATA 19 14, ID 10051
014.761 Send DATA 19 19, ID 20051
015.001 Recv DATA 20 15, ID 10052
015.018 Send DATA 20 20, ID 20052
015.272 Recv DATA 21 16, ID 10053
015.289 Send DATA 21 21, ID 20053
015.529 Recv DATA 22 17, ID 10054
015.546 Send DATA 22 22, ID 20054
015.801 Recv DATA 23 18, ID 10055
015.818 Send DATA 23 23, ID 20055
016.057 Recv DATA 24 19, ID 10056
016.074 Send DATA 24 24, ID 20056
016.330 Recv DATA 25 20, ID 10057
016.331 .... 58 packets received, 7490 bps, 93.62%, Err 2 (1.6e-05)
016.333 Send DATA 25 25, ID 20057
016.589 Recv DATA 26 21, ID 10058
016.606 Send DATA 26 26, ID 20058
016.847 Recv DATA 27 22, ID 10059
016.864 Send DATA 27 27, ID 20059
017.120 Recv DATA 28 23, ID 10060
017.136 Send DATA 28 28, ID 20060
017.375 Recv DATA 29 24, ID 10061
017.392 Send DATA 29 29, ID 20061
017.649 Recv DATA 30 25, ID 10062
017.666 Send DATA 30 30, ID 20062
017.906 Recv DATA 31 26, ID 10063
017.923 Send DATA 31 31, ID 20063
018.163 Recv DATA 0 27, ID 10064
018.180 Send DATA 0 0, ID 20064
018.435 Recv DATA 1 28, ID 10065
018.436 .... 66 packets received, 7524 bps, 94.05%, Err 2 (1.4e-05)
018.454 Send DATA 1 1, ID 20065
018.694 Recv DATA 2 29, ID 10066
018.711 Send DATA 2 2, ID 20066
018.967 Recv DATA 3 30, ID 10067
018.983 Send DATA 3 3, ID 20067
019.223 Recv DATA 4 31, ID 10068
019.239 Send DATA 4 4, ID 20068
019.494 **** Receiver Error, Bad CRC Checksum
019.495 Send NAK with ACK 4
019.511 Send DATA 5 4, ID 20069
019.750 Recv DATA 6 1, ID 10070
019.782 Send DATA 6 4, ID 20070
020.005 Recv DATA 7 2, ID 10071
020.038 Send DATA 7 4, ID 20071
020.279 Recv DATA 8 3, ID 10072
020.311 Send DATA 8 4, ID 20072
020.534 Recv DATA 5 4, ID 10069
020.535 .... 70 packets received, 7145 bps, 89.31%, Err 3 (1.8e-05)
020.568 Send DATA 9 8, ID 20073
020.808 Recv DATA 9 5, ID 10073
020.840 Send DATA 10 9, ID 20074
021.064 Recv DATA 10 6, ID 10074
021.097 Send DATA 11 10, ID 20075
021.336 Recv DATA 11 7, ID 10075
021.369 Send DATA 12 11, ID 20076
021.593 Recv DATA 12 8, ID 10076
021.627 Send DATA 13 12, ID 20077
021.867 Recv DATA 13 9, ID 10077
021.883 Send DATA 14 13, ID 20078
022.121 Recv DATA 14 10, ID 10078
022.154 Send DATA 15 14, ID 20079
022.378 Recv DATA 15 11, ID 10079
022.410 Send DATA 16 15, ID 20080
022.650 Recv DATA 16 12, ID 10080
022.650 .... 81 packets received, 7479 bps, 93.49%, Err 3 (1.7e-05)
022.683 Send DATA 17 16, ID 20081
022.906 Recv DATA 17 13, ID 10081
022.939 Send DATA 18 17, ID 20082
023.178 Recv DATA 18 14, ID 10082
023.211 Send DATA 19 18, ID 20083
023.434 Recv DATA 19 15, ID 10083
023.467 Send DATA 20 19, ID 20084
023.708 Recv DATA 20 16, ID 10084
023.741 Send DATA 21 20, ID 20085
023.964 Recv DATA 21 17, ID 10085
023.997 Send DATA 22 21, ID 20086
024.238 **** Receiver Error, Bad CRC Checksum
024.238 Send NAK with ACK 21
024.271 Send DATA 23 21, ID 20087
024.494 Recv DATA 23 19, ID 10087
024.542 Send DATA 24 21, ID 20088
024.766 Recv DATA 24 20, ID 10088
024.799 Send DATA 25 21, ID 20089
025.023 Recv DATA 25 21, ID 10089
025.072 Send DATA 26 21, ID 20090
025.294 Recv DATA 22 22, ID 10086
025.295 .... 87 packets received, 7178 bps, 89.72%, Err 4 (2.0e-05)
025.327 Send DATA 27 25, ID 20091
025.550 Recv DATA 26 23, ID 10090
025.599 Send DATA 28 26, ID 20092
025.822 Recv DATA 27 24, ID 10091
025.855 Send DATA 29 27, ID 20093
026.080 Recv DATA 28 25, ID 10092
026.128 Send DATA 30 28, ID 20094
026.335 Recv DATA 29 26, ID 10093
026.384 Send DATA 31 29, ID 20095
026.606 Recv DATA 30 27, ID 10094
026.655 Send DATA 0 30, ID 20096
026.864 Recv DATA 31 28, ID 10095
026.913 Send DATA 1 31, ID 20097
027.137 Recv DATA 0 29, ID 10096
027.169 Send DATA 2 0, ID 20098
027.394 Recv DATA 1 30, ID 10097
027.395 .... 98 packets received, 7454 bps, 93.18%, Err 4 (1.8e-05)
027.444 Send DATA 3 1, ID 20099
027.669 Recv DATA 2 31, ID 10098
027.702 Send DATA 4 2, ID 20100
027.925 Recv DATA 3 0, ID 10099
027.974 Send DATA 5 3, ID 20101
028.199 Recv DATA 4 1, ID 10100
028.232 Send DATA 6 4, ID 20102
028.456 Recv DATA 5 2, ID 10101
028.504 Send DATA 7 5, ID 20103
028.728 Recv DATA 6 3, ID 10102
028.761 Send DATA 8 6, ID 20104
028.985 Recv DATA 7 4, ID 10103
029.018 Send DATA 9 7, ID 20105
029.241 Recv DATA 8 5, ID 10104
029.289 Send DATA 10 8, ID 20106
029.512 Recv DATA 9 6, ID 10105
029.514 .... 106 packets received, 7475 bps, 93.44%, Err 4 (1.7e-05)
029.547 Send DATA 11 9, ID 20107
029.772 Recv DATA 10 7, ID 10106
029.819 Send DATA 12 10, ID 20108
030.043 Recv DATA 11 8, ID 10107
030.076 Send DATA 13 11, ID 20109
030.298 Recv DATA 12 9, ID 10108
030.315 Send DATA 10 12, ID 20106
030.316 Recv NAK  9
030.572 Recv DATA 13 9, ID 10109
030.604 Send DATA 14 13, ID 20110
030.844 Recv DATA 14 9, ID 10110
030.877 Send DATA 15 14, ID 20111
031.101 Recv DATA 15 9, ID 10111
031.134 Send DATA 16 15, ID 20112
031.374 Recv DATA 16 9, ID 10112
031.407 Send DATA 17 16, ID 20113
031.632 Recv DATA 17 13, ID 10113
031.633 .... 114 packets received, 7492 bps, 93.65%, Err 5 (2.0e-05)
031.665 Send DATA 18 17, ID 20114
031.905 Recv DATA 18 14, ID 10114
031.922 Send DATA 19 18, ID 20115
032.161 Recv DATA 19 15, ID 10115
032.194 Send DATA 20 19, ID 20116
032.434 Recv DATA 20 16, ID 10116
032.451 Send DATA 21 20, ID 20117
032.691 Recv DATA 21 17, ID 10117
032.723 Send DATA 22 21, ID 20118
032.963 Recv DATA 22 18, ID 10118
032.980 Send DATA 23 22, ID 20119
033.220 Recv DATA 23 19, ID 10119
033.252 Send DATA 24 23, ID 20120
033.476 Recv DATA 24 20, ID 10120
033.509 Send DATA 25 24, ID 20121
033.750 Recv DATA 25 21, ID 10121
033.750 .... 122 packets received, 7508 bps, 93.85%, Err 5 (1.9e-05)
033.785 Send DATA 26 25, ID 20122
034.008 Recv DATA 26 22, ID 10122
034.041 Send DATA 27 26, ID 20123
034.281 Recv DATA 27 23, ID 10123
034.298 Send DATA 28 27, ID 20124
034.539 Recv DATA 28 24, ID 10124
034.571 Send DATA 29 28, ID 20125
034.810 Recv DATA 29 25, ID 10125
034.828 Send DATA 30 29, ID 20126
035.067 Recv DATA 30 26, ID 10126
035.101 Send DATA 31 30, ID 20127
035.341 Recv DATA 31 27, ID 10127
035.358 Send DATA 0 31, ID 20128
035.598 Recv DATA 0 28, ID 10128
035.631 Send DATA 1 0, ID 20129
035.854 Recv DATA 1 29, ID 10129
035.855 .... 130 packets received, 7524 bps, 94.05%, Err 5 (1.8e-05)
035.887 Send DATA 2 1, ID 20130
036.132 Recv DATA 2 30, ID 10130
036.149 Send DATA 3 2, ID 20131
036.389 Recv DATA 3 31, ID 10131
036.422 Send DATA 4 3, ID 20132
036.663 Recv DATA 4 0, ID 10132
037.371 ---- ACK 128 timeout
037.371 Send ACK  4
037.373 Send DATA 5 4, ID 20133
037.548 Recv DATA 5 1, ID 10133
037.613 Send DATA 6 5, ID 20134
037.677 Recv DATA 6 2, ID 10134
037.695 Recv DATA 7 3, ID 10135
037.727 Recv DATA 8 3, ID 10136
037.888 Send DATA 7 8, ID 20135
037.969 Recv DATA 9 3, ID 10137
038.188 .... 138 packets received, 7537 bps, 94.21%, Err 5 (1.7e-05)
038.190 Send DATA 8 9, ID 20136
038.416 Send DATA 9 9, ID 20137
038.463 Recv DATA 10 4, ID 10138
038.496 Recv DATA 11 5, ID 10139
038.674 Send DATA 10 11, ID 20138
038.754 TCP Disconnected.
