000.000 =============================================================
000.000                     Station A                               
000.000 -------------------------------------------------------------
000.000 Protocol.lib, version 4.0, jiangyanjun0718@bupt.edu.cn
000.000 Channel: 8000 bps, 270 ms propagation delay, bit error rate 1.0E-05
000.000 Log file "F:\学习资料\计算机网络\Lab1-2018(Win+Linux)\Lab1-2018(Win+Linux)\Lab1-Windows-VS2017\Debug\datalink-A.log", TCP port 59144, debug mask 0x03
000.000 Station A is waiting for station B on TCP port 59144 ... Done.
000.182 New epoch: Wed May  8 13:41:36 2019
000.182 =================================================================
000.182 
000.183 Designed by Jiang Yanjun, build: May  7 2019  20:55:19
000.198 Send DATA 0 31, ID 10000
000.423 Send DATA 1 31, ID 10001
000.695 Send DATA 2 31, ID 10002
000.967 Send DATA 3 31, ID 10003
001.221 Send DATA 4 31, ID 10004
001.286 Recv ACK  1
001.494 Send DATA 5 31, ID 10005
001.590 Recv DATA 0 1, ID 20000
001.749 Send DATA 6 0, ID 10006
001.846 **** Receiver Error, Bad CRC Checksum
001.846 Send NAK with ACK 0
002.022 Send DATA 7 0, ID 10007
002.118 Recv DATA 2 3, ID 20002
002.279 Send DATA 8 0, ID 10008
002.376 Recv DATA 3 4, ID 20003
002.552 Send DATA 9 0, ID 10009
002.671 Recv DATA 4 5, ID 20004
002.816 Send DATA 10 0, ID 10010
002.896 Recv DATA 1 6, ID 20001
003.072 Send DATA 11 4, ID 10011
003.152 Recv DATA 5 7, ID 20005
003.347 Send DATA 12 5, ID 10012
003.428 Recv DATA 6 8, ID 20006
003.428 .... 7 packets received, 6671 bps, 83.39%, Err 1 (5.2e-05)
003.605 Send DATA 13 6, ID 10013
003.685 Recv DATA 7 9, ID 20007
003.862 Send DATA 14 7, ID 10014
003.957 Recv DATA 8 10, ID 20008
004.134 Send DATA 15 8, ID 10015
004.214 Recv DATA 9 11, ID 20009
004.391 Send DATA 16 9, ID 10016
004.487 Recv DATA 10 12, ID 20010
004.664 Send DATA 17 10, ID 10017
004.745 Recv DATA 11 13, ID 20011
004.919 Send DATA 18 11, ID 10018
004.999 Recv DATA 12 14, ID 20012
005.191 Send DATA 19 12, ID 10019
005.272 Recv DATA 13 15, ID 20013
005.447 Send DATA 20 13, ID 10020
005.528 Recv DATA 14 16, ID 20014
005.528 .... 15 packets received, 7232 bps, 90.40%, Err 1 (2.8e-05)
005.722 Send DATA 21 14, ID 10021
005.802 Recv DATA 15 17, ID 20015
005.977 Send DATA 22 15, ID 10022
006.058 Recv DATA 16 18, ID 20016
006.250 Send DATA 23 16, ID 10023
006.330 Recv DATA 17 19, ID 20017
006.506 Send DATA 24 17, ID 10024
006.602 Recv DATA 18 20, ID 20018
006.778 Send DATA 25 18, ID 10025
006.874 Recv DATA 19 21, ID 20019
007.034 Send DATA 26 19, ID 10026
007.131 Recv DATA 20 22, ID 20020
007.307 Send DATA 27 20, ID 10027
007.388 Recv DATA 21 23, ID 20021
007.566 Send DATA 28 21, ID 10028
007.663 Recv DATA 22 24, ID 20022
007.664 .... 23 packets received, 7378 bps, 92.23%, Err 1 (1.9e-05)
007.824 Send DATA 29 22, ID 10029
007.921 Recv DATA 23 25, ID 20023
008.098 Send DATA 30 23, ID 10030
008.178 Recv DATA 24 26, ID 20024
008.352 Send DATA 31 24, ID 10031
008.449 Recv DATA 25 27, ID 20025
008.626 Send DATA 0 25, ID 10032
008.714 Recv DATA 26 28, ID 20026
008.891 Send DATA 1 26, ID 10033
008.987 Recv DATA 27 29, ID 20027
009.147 Send DATA 2 27, ID 10034
009.244 Recv DATA 28 30, ID 20028
009.420 Send DATA 3 28, ID 10035
009.501 Recv DATA 29 31, ID 20029
009.682 Send DATA 4 29, ID 10036
009.764 Recv DATA 30 0, ID 20030
009.765 .... 31 packets received, 7482 bps, 93.53%, Err 1 (1.4e-05)
009.942 Send DATA 5 30, ID 10037
010.038 Recv DATA 31 1, ID 20031
010.198 Send DATA 6 31, ID 10038
010.295 Recv DATA 0 2, ID 20032
010.472 Send DATA 7 0, ID 10039
010.569 Recv DATA 1 3, ID 20033
010.729 Send DATA 8 1, ID 10040
010.826 Recv DATA 2 4, ID 20034
011.003 Send DATA 9 2, ID 10041
011.100 Recv DATA 3 5, ID 20035
011.260 Send DATA 10 3, ID 10042
011.356 Recv DATA 4 6, ID 20036
011.531 Send DATA 11 4, ID 10043
011.612 Recv DATA 5 7, ID 20037
011.788 Send DATA 12 5, ID 10044
011.884 Recv DATA 6 8, ID 20038
011.885 .... 39 packets received, 7532 bps, 94.14%, Err 1 (1.2e-05)
012.046 Send DATA 13 6, ID 10045
012.143 Recv DATA 7 9, ID 20039
012.159 Send DATA 10 7, ID 10042
012.159 Recv NAK  9
012.415 Recv DATA 8 9, ID 20040
012.576 Send DATA 14 8, ID 10046
012.689 Recv DATA 9 9, ID 20041
012.850 Send DATA 15 9, ID 10047
012.945 Recv DATA 10 9, ID 20042
013.106 Send DATA 16 10, ID 10048
013.203 Recv DATA 11 9, ID 20043
013.379 Send DATA 17 11, ID 10049
013.476 Recv DATA 12 12, ID 20044
013.492 Send DATA 13 12, ID 10045
013.492 Recv NAK  12
013.748 Recv DATA 13 12, ID 20045
013.909 Send DATA 18 13, ID 10050
014.005 Recv DATA 14 12, ID 20046
014.006 .... 47 packets received, 7564 bps, 94.55%, Err 1 (9.6e-06)
014.167 Send DATA 19 14, ID 10051
014.279 Recv DATA 15 12, ID 20047
014.423 Send DATA 20 15, ID 10052
014.536 Recv DATA 16 12, ID 20048
014.696 Send DATA 21 16, ID 10053
014.808 Recv DATA 17 17, ID 20049
014.953 Send DATA 22 17, ID 10054
015.066 Recv DATA 18 18, ID 20050
015.225 Send DATA 23 18, ID 10055
015.321 Recv DATA 19 19, ID 20051
015.481 Send DATA 24 19, ID 10056
015.594 Recv DATA 20 20, ID 20052
015.753 Send DATA 25 20, ID 10057
015.850 Recv DATA 21 21, ID 20053
016.009 Send DATA 26 21, ID 10058
016.122 Recv DATA 22 22, ID 20054
016.123 .... 55 packets received, 7589 bps, 94.86%, Err 1 (8.3e-06)
016.284 Send DATA 27 22, ID 10059
016.381 Recv DATA 23 23, ID 20055
016.541 Send DATA 28 23, ID 10060
016.654 Recv DATA 24 24, ID 20056
016.800 Send DATA 29 24, ID 10061
016.913 Recv DATA 25 25, ID 20057
017.073 Send DATA 30 25, ID 10062
017.186 Recv DATA 26 26, ID 20058
017.332 Send DATA 31 26, ID 10063
017.428 Recv DATA 27 27, ID 20059
017.605 Send DATA 0 27, ID 10064
017.702 Recv DATA 28 28, ID 20060
017.863 Send DATA 1 28, ID 10065
017.959 Recv DATA 29 29, ID 20061
018.118 Send DATA 2 29, ID 10066
018.215 Recv DATA 30 30, ID 20062
018.216 .... 63 packets received, 7618 bps, 95.23%, Err 2 (1.5e-05)
018.394 Send DATA 3 30, ID 10067
018.490 Recv DATA 31 31, ID 20063
018.649 Send DATA 4 31, ID 10068
018.746 Recv DATA 0 0, ID 20064
018.922 Send DATA 5 0, ID 10069
019.019 Recv DATA 1 1, ID 20065
019.179 Send DATA 6 1, ID 10070
019.275 Recv DATA 2 2, ID 20066
019.451 Send DATA 7 2, ID 10071
019.549 Recv DATA 3 3, ID 20067
019.709 Send DATA 8 3, ID 10072
019.806 Recv DATA 4 4, ID 20068
019.822 Send DATA 5 4, ID 10069
019.823 Recv NAK  4
020.079 Recv DATA 5 4, ID 20069
020.239 Send DATA 9 5, ID 10073
020.350 Recv DATA 6 4, ID 20070
020.351 .... 71 packets received, 7625 bps, 95.31%, Err 2 (1.3e-05)
020.496 Send DATA 10 6, ID 10074
020.609 Recv DATA 7 4, ID 20071
020.770 Send DATA 11 7, ID 10075
020.883 Recv DATA 8 4, ID 20072
021.028 Send DATA 12 8, ID 10076
021.141 Recv DATA 9 8, ID 20073
021.301 Send DATA 13 9, ID 10077
021.397 Recv DATA 10 9, ID 20074
021.557 Send DATA 14 10, ID 10078
021.669 Recv DATA 11 10, ID 20075
021.829 Send DATA 15 11, ID 10079
021.925 Recv DATA 12 11, ID 20076
022.085 Send DATA 16 12, ID 10080
022.198 Recv DATA 13 12, ID 20077
022.357 Send DATA 17 13, ID 10081
022.454 Recv DATA 14 13, ID 20078
022.455 .... 79 packets received, 7641 bps, 95.51%, Err 2 (1.2e-05)
022.615 Send DATA 18 14, ID 10082
022.727 Recv DATA 15 14, ID 20079
022.871 Send DATA 19 15, ID 10083
022.983 Recv DATA 16 15, ID 20080
023.143 Send DATA 20 16, ID 10084
023.256 Recv DATA 17 16, ID 20081
023.400 Send DATA 21 17, ID 10085
023.511 Recv DATA 18 17, ID 20082
023.671 Send DATA 22 18, ID 10086
023.784 Recv DATA 19 18, ID 20083
023.928 Send DATA 23 19, ID 10087
024.039 Recv DATA 20 19, ID 20084
024.199 Send DATA 24 20, ID 10088
024.311 Recv DATA 21 20, ID 20085
024.456 Send DATA 25 21, ID 10089
024.569 Recv DATA 22 21, ID 20086
024.570 .... 87 packets received, 7650 bps, 95.63%, Err 2 (1.1e-05)
024.587 Send DATA 22 22, ID 10086
024.587 Recv NAK  21
024.843 Recv DATA 23 21, ID 20087
024.988 Send DATA 26 23, ID 10090
025.116 Recv DATA 24 21, ID 20088
025.260 Send DATA 27 24, ID 10091
025.372 Recv DATA 25 21, ID 20089
025.516 Send DATA 28 25, ID 10092
025.644 Recv DATA 26 21, ID 20090
025.789 Send DATA 29 26, ID 10093
025.901 Recv DATA 27 25, ID 20091
026.045 Send DATA 30 27, ID 10094
026.173 Recv DATA 28 26, ID 20092
026.302 Send DATA 31 28, ID 10095
026.430 Recv DATA 29 27, ID 20093
026.573 Send DATA 0 29, ID 10096
026.702 Recv DATA 30 28, ID 20094
026.704 .... 95 packets received, 7653 bps, 95.66%, Err 2 (9.7e-06)
026.832 Send DATA 1 30, ID 10097
026.961 Recv DATA 31 29, ID 20095
027.104 Send DATA 2 31, ID 10098
027.216 Recv DATA 0 30, ID 20096
027.361 Send DATA 3 0, ID 10099
027.489 Recv DATA 1 31, ID 20097
027.633 Send DATA 4 1, ID 10100
027.745 Recv DATA 2 0, ID 20098
027.890 Send DATA 5 2, ID 10101
028.018 Recv DATA 3 1, ID 20099
028.163 Send DATA 6 3, ID 10102
028.276 Recv DATA 4 2, ID 20100
028.420 Send DATA 7 4, ID 10103
028.533 Recv DATA 5 3, ID 20101
028.693 Send DATA 8 5, ID 10104
028.805 Recv DATA 6 4, ID 20102
028.805 .... 103 packets received, 7663 bps, 95.79%, Err 2 (9.0e-06)
028.950 Send DATA 9 6, ID 10105
029.063 Recv DATA 7 5, ID 20103
029.207 Send DATA 10 7, ID 10106
029.335 Recv DATA 8 6, ID 20104
029.479 Send DATA 11 8, ID 10107
029.591 Recv DATA 9 7, ID 20105
029.736 Send DATA 12 9, ID 10108
029.864 **** Receiver Error, Bad CRC Checksum
029.864 Send NAK with ACK 9
030.008 Send DATA 13 9, ID 10109
030.120 Recv DATA 11 9, ID 20107
030.278 Send DATA 14 9, ID 10110
030.390 Recv DATA 12 10, ID 20108
030.535 Send DATA 15 9, ID 10111
030.647 Recv DATA 13 11, ID 20109
030.806 Send DATA 16 9, ID 10112
030.918 Recv DATA 10 12, ID 20106
030.920 .... 107 packets received, 7394 bps, 92.42%, Err 3 (1.3e-05)
031.063 Send DATA 17 13, ID 10113
031.175 Recv DATA 14 13, ID 20110
031.336 Send DATA 18 14, ID 10114
031.448 Recv DATA 15 14, ID 20111
031.593 Send DATA 19 15, ID 10115
031.706 Recv DATA 16 15, ID 20112
031.866 Send DATA 20 16, ID 10116
031.962 Recv DATA 17 16, ID 20113
032.122 Send DATA 21 17, ID 10117
032.235 Recv DATA 18 17, ID 20114
032.395 Send DATA 22 18, ID 10118
032.492 Recv DATA 19 18, ID 20115
032.652 Send DATA 23 19, ID 10119
032.763 Recv DATA 20 19, ID 20116
032.924 Send DATA 24 20, ID 10120
033.020 Recv DATA 21 20, ID 20117
033.021 .... 118 packets received, 7614 bps, 95.17%, Err 3 (1.2e-05)
033.180 Send DATA 25 21, ID 10121
033.293 Recv DATA 22 21, ID 20118
033.438 Send DATA 26 22, ID 10122
033.550 Recv DATA 23 22, ID 20119
033.710 Send DATA 27 23, ID 10123
033.822 Recv DATA 24 23, ID 20120
033.966 Send DATA 28 24, ID 10124
034.079 Recv DATA 25 24, ID 20121
034.239 Send DATA 29 25, ID 10125
034.335 Recv DATA 26 25, ID 20122
034.496 Send DATA 30 26, ID 10126
034.608 Recv DATA 27 26, ID 20123
034.769 Send DATA 31 27, ID 10127
034.866 Recv DATA 28 27, ID 20124
035.026 Send DATA 0 28, ID 10128
035.138 Recv DATA 29 28, ID 20125
035.139 .... 126 packets received, 7621 bps, 95.27%, Err 3 (1.1e-05)
035.299 Send DATA 1 29, ID 10129
035.395 Recv DATA 30 29, ID 20126
035.556 Send DATA 2 30, ID 10130
035.669 Recv DATA 31 30, ID 20127
035.813 Send DATA 3 31, ID 10131
035.926 Recv DATA 0 31, ID 20128
036.084 Send DATA 4 0, ID 10132
036.197 Recv DATA 1 0, ID 20129
036.342 Send DATA 5 1, ID 10133
036.470 Recv DATA 2 1, ID 20130
036.614 Send DATA 6 2, ID 10134
036.726 Recv DATA 3 2, ID 20131
036.871 Send DATA 7 3, ID 10135
037.143 Send DATA 8 3, ID 10136
037.397 Send DATA 9 3, ID 10137
037.653 Recv DATA 4 3, ID 20132
037.653 .... 133 packets received, 7488 bps, 93.61%, Err 4 (1.4e-05)
037.671 Recv ACK  4
037.671 Send DATA 10 4, ID 10138
037.927 Recv DATA 5 4, ID 20133
037.928 Send DATA 11 5, ID 10139
038.185 Recv DATA 6 5, ID 20134
038.205 Send DATA 12 6, ID 10140
038.460 Send DATA 13 6, ID 10141
038.492 Recv DATA 7 8, ID 20135
038.720 Recv DATA 8 9, ID 20136
038.720 Send DATA 14 8, ID 10142
